# JRE version: OpenJDK Runtime Environment (8.0_121-b13) (build 1.8.0_121-8u121-b13-0ubuntu1.16.04.2-b13)
# Java VM: OpenJDK 64-Bit Server VM (25.121-b13 mixed mode linux-amd64 compressed oops)
Heap:
 def new generation   total 9728K, used 999K [0x00000000f0600000, 0x00000000f1080000, 0x00000000f5950000)
  eden space 8704K,  11% used [0x00000000f0600000, 0x00000000f06f9f10, 0x00000000f0e80000)
  from space 1024K,   0% used [0x00000000f0e80000, 0x00000000f0e80000, 0x00000000f0f80000)
  to   space 1024K,   0% used [0x00000000f0f80000, 0x00000000f0f80000, 0x00000000f1080000)
 tenured generation   total 29120K, used 29115K [0x00000000f5950000, 0x00000000f75c0000, 0x0000000100000000)
   the space 29120K,  99% used [0x00000000f5950000, 0x00000000f75bef70, 0x00000000f75bf000, 0x00000000f75c0000)
 Metaspace       used 2798K, capacity 4562K, committed 4864K, reserved 1056768K
  class space    used 289K, capacity 386K, committed 512K, reserved 1048576K
GC Heap History (10 events):
Event: 0.949 GC heap after
Heap after GC invocations=14 (full 0):
 def new generation   total 4928K, used 345K [0x00000000f0600000, 0x00000000f0b50000, 0x00000000f5950000)
  eden space 4416K,   0% used [0x00000000f0600000, 0x00000000f0600000, 0x00000000f0a50000)
  from space 512K,  67% used [0x00000000f0a50000, 0x00000000f0aa6500, 0x00000000f0ad0000)
  to   space 512K,   0% used [0x00000000f0ad0000, 0x00000000f0ad0000, 0x00000000f0b50000)
 tenured generation   total 10944K, used 2200K [0x00000000f5950000, 0x00000000f6400000, 0x0000000100000000)
   the space 10944K,  20% used [0x00000000f5950000, 0x00000000f5b761c8, 0x00000000f5b76200, 0x00000000f6400000)
 Metaspace       used 2754K, capacity 4490K, committed 4864K, reserved 1056768K
  class space    used 285K, capacity 386K, committed 512K, reserved 1048576K
}
Event: 1.016 GC heap before
{Heap before GC invocations=14 (full 0):
 def new generation   total 4928K, used 4760K [0x00000000f0600000, 0x00000000f0b50000, 0x00000000f5950000)
  eden space 4416K,  99% used [0x00000000f0600000, 0x00000000f0a4fe88, 0x00000000f0a50000)
  from space 512K,  67% used [0x00000000f0a50000, 0x00000000f0aa6500, 0x00000000f0ad0000)
  to   space 512K,   0% used [0x00000000f0ad0000, 0x00000000f0ad0000, 0x00000000f0b50000)
 tenured generation   total 10944K, used 2200K [0x00000000f5950000, 0x00000000f6400000, 0x0000000100000000)
   the space 10944K,  20% used [0x00000000f5950000, 0x00000000f5b761c8, 0x00000000f5b76200, 0x00000000f6400000)
 Metaspace       used 2798K, capacity 4562K, committed 4864K, reserved 1056768K
  class space    used 289K, capacity 386K, committed 512K, reserved 1048576K
Event: 1.056 GC heap after
Heap after GC invocations=15 (full 0):
 def new generation   total 4928K, used 511K [0x00000000f0600000, 0x00000000f0b50000, 0x00000000f5950000)
  eden space 4416K,   0% used [0x00000000f0600000, 0x00000000f0600000, 0x00000000f0a50000)
  from space 512K,  99% used [0x00000000f0ad0000, 0x00000000f0b4fff8, 0x00000000f0b50000)
  to   space 512K,   0% used [0x00000000f0a50000, 0x00000000f0a50000, 0x00000000f0ad0000)
 tenured generation   total 10944K, used 4023K [0x00000000f5950000, 0x00000000f6400000, 0x0000000100000000)
   the space 10944K,  36% used [0x00000000f5950000, 0x00000000f5d3dcf8, 0x00000000f5d3de00, 0x00000000f6400000)
 Metaspace       used 2798K, capacity 4562K, committed 4864K, reserved 1056768K
  class space    used 289K, capacity 386K, committed 512K, reserved 1048576K
}
Event: 1.059 GC heap before
{Heap before GC invocations=15 (full 0):
 def new generation   total 4928K, used 4927K [0x00000000f0600000, 0x00000000f0b50000, 0x00000000f5950000)
  eden space 4416K,  99% used [0x00000000f0600000, 0x00000000f0a4fec8, 0x00000000f0a50000)
  from space 512K,  99% used [0x00000000f0ad0000, 0x00000000f0b4fff8, 0x00000000f0b50000)
  to   space 512K,   0% used [0x00000000f0a50000, 0x00000000f0a50000, 0x00000000f0ad0000)
 tenured generation   total 10944K, used 4023K [0x00000000f5950000, 0x00000000f6400000, 0x0000000100000000)
   the space 10944K,  36% used [0x00000000f5950000, 0x00000000f5d3dcf8, 0x00000000f5d3de00, 0x00000000f6400000)
 Metaspace       used 2798K, capacity 4562K, committed 4864K, reserved 1056768K
  class space    used 289K, capacity 386K, committed 512K, reserved 1048576K
Event: 1.085 GC heap after
Heap after GC invocations=16 (full 0):
 def new generation   total 4928K, used 507K [0x00000000f0600000, 0x00000000f0b50000, 0x00000000f5950000)
  eden space 4416K,   0% used [0x00000000f0600000, 0x00000000f0600000, 0x00000000f0a50000)
  from space 512K,  99% used [0x00000000f0a50000, 0x00000000f0aceef0, 0x00000000f0ad0000)
  to   space 512K,   0% used [0x00000000f0ad0000, 0x00000000f0ad0000, 0x00000000f0b50000)
 tenured generation   total 10944K, used 8408K [0x00000000f5950000, 0x00000000f6400000, 0x0000000100000000)
   the space 10944K,  76% used [0x00000000f5950000, 0x00000000f61862b0, 0x00000000f6186400, 0x00000000f6400000)
 Metaspace       used 2798K, capacity 4562K, committed 4864K, reserved 1056768K
  class space    used 289K, capacity 386K, committed 512K, reserved 1048576K
}
Event: 1.086 GC heap before
{Heap before GC invocations=16 (full 0):
 def new generation   total 4928K, used 4923K [0x00000000f0600000, 0x00000000f0b50000, 0x00000000f5950000)
  eden space 4416K,  99% used [0x00000000f0600000, 0x00000000f0a4ff10, 0x00000000f0a50000)
  from space 512K,  99% used [0x00000000f0a50000, 0x00000000f0aceef0, 0x00000000f0ad0000)
  to   space 512K,   0% used [0x00000000f0ad0000, 0x00000000f0ad0000, 0x00000000f0b50000)
 tenured generation   total 10944K, used 8408K [0x00000000f5950000, 0x00000000f6400000, 0x0000000100000000)
   the space 10944K,  76% used [0x00000000f5950000, 0x00000000f61862b0, 0x00000000f6186400, 0x00000000f6400000)
 Metaspace       used 2798K, capacity 4562K, committed 4864K, reserved 1056768K
  class space    used 289K, capacity 386K, committed 512K, reserved 1048576K
Event: 1.110 GC heap after
Heap after GC invocations=17 (full 1):
 def new generation   total 9728K, used 434K [0x00000000f0600000, 0x00000000f1080000, 0x00000000f5950000)
  eden space 8704K,   4% used [0x00000000f0600000, 0x00000000f066c9d0, 0x00000000f0e80000)
  from space 1024K,   0% used [0x00000000f0e80000, 0x00000000f0e80000, 0x00000000f0f80000)
  to   space 1024K,   0% used [0x00000000f0f80000, 0x00000000f0f80000, 0x00000000f1080000)
 tenured generation   total 21440K, used 12863K [0x00000000f5950000, 0x00000000f6e40000, 0x0000000100000000)
   the space 21440K,  59% used [0x00000000f5950000, 0x00000000f65dfc80, 0x00000000f65dfe00, 0x00000000f6e40000)
 Metaspace       used 2798K, capacity 4562K, committed 4864K, reserved 1056768K
  class space    used 289K, capacity 386K, committed 512K, reserved 1048576K
}
Event: 1.145 GC heap before
{Heap before GC invocations=17 (full 1):
 def new generation   total 9728K, used 8698K [0x00000000f0600000, 0x00000000f1080000, 0x00000000f5950000)
  eden space 8704K,  99% used [0x00000000f0600000, 0x00000000f0e7eb20, 0x00000000f0e80000)
  from space 1024K,   0% used [0x00000000f0e80000, 0x00000000f0e80000, 0x00000000f0f80000)
  to   space 1024K,   0% used [0x00000000f0f80000, 0x00000000f0f80000, 0x00000000f1080000)
 tenured generation   total 21440K, used 12863K [0x00000000f5950000, 0x00000000f6e40000, 0x0000000100000000)
   the space 21440K,  59% used [0x00000000f5950000, 0x00000000f65dfc80, 0x00000000f65dfe00, 0x00000000f6e40000)
 Metaspace       used 2798K, capacity 4562K, committed 4864K, reserved 1056768K
  class space    used 289K, capacity 386K, committed 512K, reserved 1048576K
Event: 1.186 GC heap after
Heap after GC invocations=18 (full 1):
 def new generation   total 9728K, used 1020K [0x00000000f0600000, 0x00000000f1080000, 0x00000000f5950000)
  eden space 8704K,   0% used [0x00000000f0600000, 0x00000000f0600000, 0x00000000f0e80000)
  from space 1024K,  99% used [0x00000000f0f80000, 0x00000000f107f2d0, 0x00000000f1080000)
  to   space 1024K,   0% used [0x00000000f0e80000, 0x00000000f0e80000, 0x00000000f0f80000)
 tenured generation   total 21440K, used 20468K [0x00000000f5950000, 0x00000000f6e40000, 0x0000000100000000)
   the space 21440K,  95% used [0x00000000f5950000, 0x00000000f6d4d2b0, 0x00000000f6d4d400, 0x00000000f6e40000)
 Metaspace       used 2798K, capacity 4562K, committed 4864K, reserved 1056768K
  class space    used 289K, capacity 386K, committed 512K, reserved 1048576K
}
Event: 1.206 GC heap before
{Heap before GC invocations=18 (full 1):
 def new generation   total 9728K, used 9724K [0x00000000f0600000, 0x00000000f1080000, 0x00000000f5950000)
  eden space 8704K, 100% used [0x00000000f0600000, 0x00000000f0e80000, 0x00000000f0e80000)
  from space 1024K,  99% used [0x00000000f0f80000, 0x00000000f107f2d0, 0x00000000f1080000)
  to   space 1024K,   0% used [0x00000000f0e80000, 0x00000000f0e80000, 0x00000000f0f80000)
 tenured generation   total 21440K, used 20468K [0x00000000f5950000, 0x00000000f6e40000, 0x0000000100000000)
   the space 21440K,  95% used [0x00000000f5950000, 0x00000000f6d4d2b0, 0x00000000f6d4d400, 0x00000000f6e40000)
 Metaspace       used 2798K, capacity 4562K, committed 4864K, reserved 1056768K
  class space    used 289K, capacity 386K, committed 512K, reserved 1048576K

