# JRE version: OpenJDK Runtime Environment (8.0_121-b13) (build 1.8.0_121-8u121-b13-0ubuntu1.16.04.2-b13)
# Java VM: OpenJDK 64-Bit Server VM (25.121-b13 mixed mode linux-amd64 compressed oops)
Heap:
 def new generation   total 9856K, used 1010K [0x00000000f0600000, 0x00000000f10b0000, 0x00000000f5950000)
  eden space 8768K,  11% used [0x00000000f0600000, 0x00000000f06fc8f0, 0x00000000f0e90000)
  from space 1088K,   0% used [0x00000000f0e90000, 0x00000000f0e90000, 0x00000000f0fa0000)
  to   space 1088K,   0% used [0x00000000f0fa0000, 0x00000000f0fa0000, 0x00000000f10b0000)
 tenured generation   total 29440K, used 29439K [0x00000000f5950000, 0x00000000f7610000, 0x0000000100000000)
   the space 29440K,  99% used [0x00000000f5950000, 0x00000000f760fe50, 0x00000000f7610000, 0x00000000f7610000)
 Metaspace       used 2798K, capacity 4562K, committed 4864K, reserved 1056768K
  class space    used 289K, capacity 386K, committed 512K, reserved 1048576K
GC Heap History (10 events):
Event: 0.872 GC heap after
Heap after GC invocations=14 (full 0):
 def new generation   total 4928K, used 344K [0x00000000f0600000, 0x00000000f0b50000, 0x00000000f5950000)
  eden space 4416K,   0% used [0x00000000f0600000, 0x00000000f0600000, 0x00000000f0a50000)
  from space 512K,  67% used [0x00000000f0a50000, 0x00000000f0aa61a8, 0x00000000f0ad0000)
  to   space 512K,   0% used [0x00000000f0ad0000, 0x00000000f0ad0000, 0x00000000f0b50000)
 tenured generation   total 10944K, used 2202K [0x00000000f5950000, 0x00000000f6400000, 0x0000000100000000)
   the space 10944K,  20% used [0x00000000f5950000, 0x00000000f5b769c8, 0x00000000f5b76a00, 0x00000000f6400000)
 Metaspace       used 2754K, capacity 4490K, committed 4864K, reserved 1056768K
  class space    used 285K, capacity 386K, committed 512K, reserved 1048576K
}
Event: 0.936 GC heap before
{Heap before GC invocations=14 (full 0):
 def new generation   total 4928K, used 4755K [0x00000000f0600000, 0x00000000f0b50000, 0x00000000f5950000)
  eden space 4416K,  99% used [0x00000000f0600000, 0x00000000f0a4ecd8, 0x00000000f0a50000)
  from space 512K,  67% used [0x00000000f0a50000, 0x00000000f0aa61a8, 0x00000000f0ad0000)
  to   space 512K,   0% used [0x00000000f0ad0000, 0x00000000f0ad0000, 0x00000000f0b50000)
 tenured generation   total 10944K, used 2202K [0x00000000f5950000, 0x00000000f6400000, 0x0000000100000000)
   the space 10944K,  20% used [0x00000000f5950000, 0x00000000f5b769c8, 0x00000000f5b76a00, 0x00000000f6400000)
 Metaspace       used 2798K, capacity 4562K, committed 4864K, reserved 1056768K
  class space    used 289K, capacity 386K, committed 512K, reserved 1048576K
Event: 0.952 GC heap after
Heap after GC invocations=15 (full 0):
 def new generation   total 4928K, used 512K [0x00000000f0600000, 0x00000000f0b50000, 0x00000000f5950000)
  eden space 4416K,   0% used [0x00000000f0600000, 0x00000000f0600000, 0x00000000f0a50000)
  from space 512K, 100% used [0x00000000f0ad0000, 0x00000000f0b50000, 0x00000000f0b50000)
  to   space 512K,   0% used [0x00000000f0a50000, 0x00000000f0a50000, 0x00000000f0ad0000)
 tenured generation   total 10944K, used 4116K [0x00000000f5950000, 0x00000000f6400000, 0x0000000100000000)
   the space 10944K,  37% used [0x00000000f5950000, 0x00000000f5d55290, 0x00000000f5d55400, 0x00000000f6400000)
 Metaspace       used 2798K, capacity 4562K, committed 4864K, reserved 1056768K
  class space    used 289K, capacity 386K, committed 512K, reserved 1048576K
}
Event: 0.956 GC heap before
{Heap before GC invocations=15 (full 0):
 def new generation   total 4928K, used 4927K [0x00000000f0600000, 0x00000000f0b50000, 0x00000000f5950000)
  eden space 4416K,  99% used [0x00000000f0600000, 0x00000000f0a4fec8, 0x00000000f0a50000)
  from space 512K, 100% used [0x00000000f0ad0000, 0x00000000f0b50000, 0x00000000f0b50000)
  to   space 512K,   0% used [0x00000000f0a50000, 0x00000000f0a50000, 0x00000000f0ad0000)
 tenured generation   total 10944K, used 4116K [0x00000000f5950000, 0x00000000f6400000, 0x0000000100000000)
   the space 10944K,  37% used [0x00000000f5950000, 0x00000000f5d55290, 0x00000000f5d55400, 0x00000000f6400000)
 Metaspace       used 2798K, capacity 4562K, committed 4864K, reserved 1056768K
  class space    used 289K, capacity 386K, committed 512K, reserved 1048576K
Event: 0.984 GC heap after
Heap after GC invocations=16 (full 0):
 def new generation   total 4928K, used 507K [0x00000000f0600000, 0x00000000f0b50000, 0x00000000f5950000)
  eden space 4416K,   0% used [0x00000000f0600000, 0x00000000f0600000, 0x00000000f0a50000)
  from space 512K,  99% used [0x00000000f0a50000, 0x00000000f0aceef0, 0x00000000f0ad0000)
  to   space 512K,   0% used [0x00000000f0ad0000, 0x00000000f0ad0000, 0x00000000f0b50000)
 tenured generation   total 10944K, used 8502K [0x00000000f5950000, 0x00000000f6400000, 0x0000000100000000)
   the space 10944K,  77% used [0x00000000f5950000, 0x00000000f619d850, 0x00000000f619da00, 0x00000000f6400000)
 Metaspace       used 2798K, capacity 4562K, committed 4864K, reserved 1056768K
  class space    used 289K, capacity 386K, committed 512K, reserved 1048576K
}
Event: 0.987 GC heap before
{Heap before GC invocations=16 (full 0):
 def new generation   total 4928K, used 4923K [0x00000000f0600000, 0x00000000f0b50000, 0x00000000f5950000)
  eden space 4416K,  99% used [0x00000000f0600000, 0x00000000f0a4ff58, 0x00000000f0a50000)
  from space 512K,  99% used [0x00000000f0a50000, 0x00000000f0aceef0, 0x00000000f0ad0000)
  to   space 512K,   0% used [0x00000000f0ad0000, 0x00000000f0ad0000, 0x00000000f0b50000)
 tenured generation   total 10944K, used 8502K [0x00000000f5950000, 0x00000000f6400000, 0x0000000100000000)
   the space 10944K,  77% used [0x00000000f5950000, 0x00000000f619d850, 0x00000000f619da00, 0x00000000f6400000)
 Metaspace       used 2798K, capacity 4562K, committed 4864K, reserved 1056768K
  class space    used 289K, capacity 386K, committed 512K, reserved 1048576K
Event: 1.015 GC heap after
Heap after GC invocations=17 (full 1):
 def new generation   total 9856K, used 335K [0x00000000f0600000, 0x00000000f10b0000, 0x00000000f5950000)
  eden space 8768K,   3% used [0x00000000f0600000, 0x00000000f0653c00, 0x00000000f0e90000)
  from space 1088K,   0% used [0x00000000f0e90000, 0x00000000f0e90000, 0x00000000f0fa0000)
  to   space 1088K,   0% used [0x00000000f0fa0000, 0x00000000f0fa0000, 0x00000000f10b0000)
 tenured generation   total 21760K, used 13055K [0x00000000f5950000, 0x00000000f6e90000, 0x0000000100000000)
   the space 21760K,  59% used [0x00000000f5950000, 0x00000000f660fff0, 0x00000000f6610000, 0x00000000f6e90000)
 Metaspace       used 2798K, capacity 4562K, committed 4864K, reserved 1056768K
  class space    used 289K, capacity 386K, committed 512K, reserved 1048576K
}
Event: 1.061 GC heap before
{Heap before GC invocations=17 (full 1):
 def new generation   total 9856K, used 8768K [0x00000000f0600000, 0x00000000f10b0000, 0x00000000f5950000)
  eden space 8768K, 100% used [0x00000000f0600000, 0x00000000f0e90000, 0x00000000f0e90000)
  from space 1088K,   0% used [0x00000000f0e90000, 0x00000000f0e90000, 0x00000000f0fa0000)
  to   space 1088K,   0% used [0x00000000f0fa0000, 0x00000000f0fa0000, 0x00000000f10b0000)
 tenured generation   total 21760K, used 13055K [0x00000000f5950000, 0x00000000f6e90000, 0x0000000100000000)
   the space 21760K,  59% used [0x00000000f5950000, 0x00000000f660fff0, 0x00000000f6610000, 0x00000000f6e90000)
 Metaspace       used 2798K, capacity 4562K, committed 4864K, reserved 1056768K
  class space    used 289K, capacity 386K, committed 512K, reserved 1048576K
Event: 1.105 GC heap after
Heap after GC invocations=18 (full 1):
 def new generation   total 9856K, used 1083K [0x00000000f0600000, 0x00000000f10b0000, 0x00000000f5950000)
  eden space 8768K,   0% used [0x00000000f0600000, 0x00000000f0600000, 0x00000000f0e90000)
  from space 1088K,  99% used [0x00000000f0fa0000, 0x00000000f10aee10, 0x00000000f10b0000)
  to   space 1088K,   0% used [0x00000000f0e90000, 0x00000000f0e90000, 0x00000000f0fa0000)
 tenured generation   total 21760K, used 20682K [0x00000000f5950000, 0x00000000f6e90000, 0x0000000100000000)
   the space 21760K,  95% used [0x00000000f5950000, 0x00000000f6d829e0, 0x00000000f6d82a00, 0x00000000f6e90000)
 Metaspace       used 2798K, capacity 4562K, committed 4864K, reserved 1056768K
  class space    used 289K, capacity 386K, committed 512K, reserved 1048576K
}
Event: 1.115 GC heap before
{Heap before GC invocations=18 (full 1):
 def new generation   total 9856K, used 9849K [0x00000000f0600000, 0x00000000f10b0000, 0x00000000f5950000)
  eden space 8768K,  99% used [0x00000000f0600000, 0x00000000f0e8f690, 0x00000000f0e90000)
  from space 1088K,  99% used [0x00000000f0fa0000, 0x00000000f10aee10, 0x00000000f10b0000)
  to   space 1088K,   0% used [0x00000000f0e90000, 0x00000000f0e90000, 0x00000000f0fa0000)
 tenured generation   total 21760K, used 20682K [0x00000000f5950000, 0x00000000f6e90000, 0x0000000100000000)
   the space 21760K,  95% used [0x00000000f5950000, 0x00000000f6d829e0, 0x00000000f6d82a00, 0x00000000f6e90000)
 Metaspace       used 2798K, capacity 4562K, committed 4864K, reserved 1056768K
  class space    used 289K, capacity 386K, committed 512K, reserved 1048576K

